[12-Nov-2023 10:27:10 UTC] PHP Parse error:  syntax error, unexpected end of file in C:\Users\mixai\Local Sites\task-website\app\public\wp-content\themes\task-theme\index.php on line 2
[12-Nov-2023 10:30:49 UTC] PHP Fatal error:  Uncaught Error: Call to undefined function data() in C:\Users\mixai\Local Sites\task-website\app\public\wp-content\themes\task-theme\home.php:2
Stack trace:
#0 C:\Users\mixai\Local Sites\task-website\app\public\wp-includes\template-loader.php(106): include()
#1 C:\Users\mixai\Local Sites\task-website\app\public\wp-blog-header.php(19): require_once('C:\\Users\\mixai\\...')
#2 C:\Users\mixai\Local Sites\task-website\app\public\index.php(17): require('C:\\Users\\mixai\\...')
#3 {main}
  thrown in C:\Users\mixai\Local Sites\task-website\app\public\wp-content\themes\task-theme\home.php on line 2
[20-Nov-2023 08:58:38 UTC] PHP Warning:  Attempt to read property "title" on null in C:\Users\mixai\Local Sites\task-website\app\public\wp-includes\class-wp-customize-widgets.php on line 905
[20-Nov-2023 08:58:46 UTC] PHP Warning:  Attempt to read property "title" on null in C:\Users\mixai\Local Sites\task-website\app\public\wp-includes\class-wp-customize-widgets.php on line 905
[20-Nov-2023 09:00:32 UTC] PHP Warning:  Attempt to read property "title" on null in C:\Users\mixai\Local Sites\task-website\app\public\wp-includes\class-wp-customize-widgets.php on line 905
[20-Nov-2023 09:00:48 UTC] PHP Warning:  Attempt to read property "title" on null in C:\Users\mixai\Local Sites\task-website\app\public\wp-includes\class-wp-customize-widgets.php on line 905
[20-Nov-2023 09:00:55 UTC] PHP Warning:  Attempt to read property "title" on null in C:\Users\mixai\Local Sites\task-website\app\public\wp-includes\class-wp-customize-widgets.php on line 905
[20-Nov-2023 09:16:34 UTC] PHP Warning:  Attempt to read property "title" on null in C:\Users\mixai\Local Sites\task-website\app\public\wp-includes\class-wp-customize-widgets.php on line 905
[20-Nov-2023 09:20:48 UTC] PHP Parse error:  syntax error, unexpected token ")" in C:\Users\mixai\Local Sites\task-website\app\public\wp-content\themes\task-theme\functions.php on line 40
[20-Nov-2023 09:20:48 UTC] PHP Warning:  Trying to access array offset on value of type bool in C:\Users\mixai\Local Sites\task-website\app\public\wp-includes\class-wp-recovery-mode-email-service.php on line 367
[20-Nov-2023 09:20:48 UTC] PHP Warning:  Trying to access array offset on value of type bool in C:\Users\mixai\Local Sites\task-website\app\public\wp-includes\class-wp-recovery-mode-email-service.php on line 368
[20-Nov-2023 09:23:33 UTC] PHP Warning:  Attempt to read property "title" on null in C:\Users\mixai\Local Sites\task-website\app\public\wp-includes\class-wp-customize-widgets.php on line 905
[20-Nov-2023 09:23:41 UTC] PHP Warning:  Attempt to read property "title" on null in C:\Users\mixai\Local Sites\task-website\app\public\wp-includes\class-wp-customize-widgets.php on line 905
[20-Nov-2023 09:32:08 UTC] PHP Parse error:  syntax error, unexpected token "}" in C:\Users\mixai\Local Sites\task-website\app\public\wp-content\themes\task-theme\functions.php on line 81
[20-Nov-2023 09:34:09 UTC] PHP Parse error:  syntax error, unexpected identifier "cla", expecting ")" in C:\Users\mixai\Local Sites\task-website\app\public\wp-content\themes\task-theme\functions.php on line 81
[20-Nov-2023 09:36:10 UTC] PHP Parse error:  syntax error, unexpected end of file in C:\Users\mixai\Local Sites\task-website\app\public\wp-content\themes\task-theme\functions.php on line 88
[20-Nov-2023 09:36:16 UTC] PHP Parse error:  syntax error, unexpected end of file in C:\Users\mixai\Local Sites\task-website\app\public\wp-content\themes\task-theme\functions.php on line 88
[20-Nov-2023 09:36:16 UTC] PHP Parse error:  syntax error, unexpected end of file in C:\Users\mixai\Local Sites\task-website\app\public\wp-content\themes\task-theme\functions.php on line 88
[20-Nov-2023 09:54:19 UTC] PHP Parse error:  syntax error, unexpected token "}" in C:\Users\mixai\Local Sites\task-website\app\public\wp-content\themes\task-theme\functions.php on line 103
